c:\users\sheha\source\repos\events' scheduler\events' scheduler\x64\release\vc143.pdb
c:\users\sheha\source\repos\events' scheduler\events' scheduler\x64\release\.netframework,version=v4.7.2.assemblyattributes.obj
c:\users\sheha\source\repos\events' scheduler\events' scheduler\x64\release\user.obj
c:\users\sheha\source\repos\events' scheduler\events' scheduler\x64\release\startupform.obj
c:\users\sheha\source\repos\events' scheduler\events' scheduler\x64\release\mainform.obj
c:\users\sheha\source\repos\events' scheduler\events' scheduler\x64\release\loginform.obj
c:\users\sheha\source\repos\events' scheduler\events' scheduler\x64\release\events.obj
c:\users\sheha\source\repos\events' scheduler\events' scheduler\x64\release\dbconnection.obj
c:\users\sheha\source\repos\events' scheduler\events' scheduler\x64\release\eventsscheduler.loginform.resources
c:\users\sheha\source\repos\events' scheduler\events' scheduler\x64\release\eventsscheduler.mainform.resources
c:\users\sheha\source\repos\events' scheduler\x64\release\events' scheduler.lib
c:\users\sheha\source\repos\events' scheduler\x64\release\events' scheduler.exp
c:\users\sheha\source\repos\events' scheduler\x64\release\events' scheduler.exe
c:\users\sheha\source\repos\events' scheduler\x64\release\events' scheduler.pdb
c:\users\sheha\source\repos\events' scheduler\events' scheduler\x64\release\events' .6d13af4c.tlog\cl.command.1.tlog
c:\users\sheha\source\repos\events' scheduler\events' scheduler\x64\release\events' .6d13af4c.tlog\cl.read.1.tlog
c:\users\sheha\source\repos\events' scheduler\events' scheduler\x64\release\events' .6d13af4c.tlog\cl.write.1.tlog
c:\users\sheha\source\repos\events' scheduler\events' scheduler\x64\release\events' .6d13af4c.tlog\events' scheduler.write.1u.tlog
c:\users\sheha\source\repos\events' scheduler\events' scheduler\x64\release\events' .6d13af4c.tlog\link.command.1.tlog
c:\users\sheha\source\repos\events' scheduler\events' scheduler\x64\release\events' .6d13af4c.tlog\link.read.1.tlog
c:\users\sheha\source\repos\events' scheduler\events' scheduler\x64\release\events' .6d13af4c.tlog\link.write.1.tlog
c:\users\sheha\source\repos\events' scheduler\events' scheduler\x64\release\events' .6d13af4c.tlog\metagen.read.1.tlog
c:\users\sheha\source\repos\events' scheduler\events' scheduler\x64\release\events' .6d13af4c.tlog\metagen.write.1.tlog
